<?xml version="1.0" encoding="UTF-8"?>
<!-- Generated by org.testng.reporters.JUnitXMLReporter -->
<testsuite hostname="LAPTOP-I5MPUN7Q" ignored="0" name="Test" tests="1" failures="1" timestamp="02 Jun 2022 11:39:35 GMT" time="9.566" errors="0">
  <testcase name="endToEndTest" time="4.723" classname="com.helpBot.testcases.EndToEndTest">
    <failure type="java.lang.AssertionError" message="expected [Security Measure] but found [eBay Customer Service]">
      <![CDATA[java.lang.AssertionError: expected [Security Measure] but found [eBay Customer Service]
at botPages.HelpAndContact.clickOn(HelpAndContact.java:27)
at com.helpBot.testcases.EndToEndTest.endToEndTest(EndToEndTest.java:36)
... Removed 35 stack frames]]>
    </failure>
  </testcase> <!-- endToEndTest -->
</testsuite> <!-- Test -->
