-------------------------------------------------------------------------------
Test set: TestSuite
-------------------------------------------------------------------------------
Tests run: 1, Failures: 1, Errors: 0, Skipped: 0, Time elapsed: 11.474 s <<< FAILURE! - in TestSuite
endToEndTest(com.helpBot.testcases.EndToEndTest)  Time elapsed: 4.737 s  <<< FAILURE!
java.lang.AssertionError: expected [Security Measure] but found [eBay Customer Service]
	at com.helpBot.testcases.EndToEndTest.endToEndTest(EndToEndTest.java:36)

